
*** Running vivado
    with args -log Top_Module.vds -m64 -product Vivado -mode batch -messageDb vivado.pb -notrace -source Top_Module.tcl



****** Vivado v2024.1.2 (64-bit)
  **** SW Build 5164865 on Thu Sep  5 14:37:11 MDT 2024
  **** IP Build 5164407 on Fri Sep  6 08:18:11 MDT 2024
  **** SharedData Build 5164864 on Thu Sep 05 13:09:09 MDT 2024
  **** Start of session at: Mon Nov  4 15:06:20 2024
    ** Copyright 1986-2022 Xilinx, Inc. All Rights Reserved.
    ** Copyright 2022-2024 Advanced Micro Devices, Inc. All Rights Reserved.

source Top_Module.tcl -notrace
create_project: Time (s): cpu = 00:00:11 ; elapsed = 00:00:16 . Memory (MB): peak = 496.824 ; gain = 135.855
Command: read_checkpoint -auto_incremental -incremental {D:/Vivado Projects/vending_machine/vending_machine.srcs/utils_1/imports/synth_3/Top_Module.dcp}
INFO: [Vivado 12-5825] Read reference checkpoint from D:/Vivado Projects/vending_machine/vending_machine.srcs/utils_1/imports/synth_3/Top_Module.dcp for incremental synthesis
INFO: [Vivado 12-7989] Please ensure there are no constraint changes
Command: synth_design -top Top_Module -part xc7s50csga324-1
Starting synth_design
Attempting to get a license for feature 'Synthesis' and/or device 'xc7s50'
INFO: [Common 17-349] Got license for feature 'Synthesis' and/or device 'xc7s50'
INFO: [Device 21-403] Loading part xc7s50csga324-1
INFO: [Device 21-9227] Part: xc7s50csga324-1 does not have CEAM library.
INFO: [Designutils 20-5440] No compile time benefit to using incremental synthesis; A full resynthesis will be run
INFO: [Designutils 20-4379] Flow is switching to default flow due to incremental criteria not met. If you would like to alter this behaviour and have the flow terminate instead, please set the following parameter config_implementation {autoIncr.Synth.RejectBehavior Terminate}
INFO: [Synth 8-7079] Multithreading enabled for synth_design using a maximum of 2 processes.
INFO: [Synth 8-7078] Launching helper process for spawning children vivado processes
INFO: [Synth 8-7075] Helper process launched with PID 11484
---------------------------------------------------------------------------------
Starting RTL Elaboration : Time (s): cpu = 00:00:07 ; elapsed = 00:00:08 . Memory (MB): peak = 1346.262 ; gain = 447.984
---------------------------------------------------------------------------------
INFO: [Synth 8-6157] synthesizing module 'Top_Module' [D:/Vivado Projects/vending_machine/vending_machine.srcs/sources_1/new/Top_Module.v:2]
INFO: [Synth 8-6157] synthesizing module 'Debounce' [D:/Vivado Projects/vending_machine/vending_machine.srcs/sources_1/new/debounce.v:2]
INFO: [Synth 8-6157] synthesizing module 'Slow_Clock_4Hz' [D:/Vivado Projects/vending_machine/vending_machine.srcs/sources_1/new/Slow_Clock_4Hz.v:2]
INFO: [Synth 8-6155] done synthesizing module 'Slow_Clock_4Hz' (0#1) [D:/Vivado Projects/vending_machine/vending_machine.srcs/sources_1/new/Slow_Clock_4Hz.v:2]
INFO: [Synth 8-6157] synthesizing module 'D_FF' [D:/Vivado Projects/vending_machine/vending_machine.srcs/sources_1/new/D_FF.v:2]
INFO: [Synth 8-6155] done synthesizing module 'D_FF' (0#1) [D:/Vivado Projects/vending_machine/vending_machine.srcs/sources_1/new/D_FF.v:2]
INFO: [Synth 8-6155] done synthesizing module 'Debounce' (0#1) [D:/Vivado Projects/vending_machine/vending_machine.srcs/sources_1/new/debounce.v:2]
INFO: [Synth 8-6157] synthesizing module 'Binary_to_BCD' [D:/Vivado Projects/vending_machine/vending_machine.srcs/sources_1/new/Binary_to_BCD.v:3]
INFO: [Synth 8-6155] done synthesizing module 'Binary_to_BCD' (0#1) [D:/Vivado Projects/vending_machine/vending_machine.srcs/sources_1/new/Binary_to_BCD.v:3]
INFO: [Synth 8-6157] synthesizing module 'driver_7segment' [D:/Vivado Projects/vending_machine/vending_machine.srcs/sources_1/new/driver_7segment.v:3]
INFO: [Synth 8-6157] synthesizing module 'decoder_7segment' [D:/Vivado Projects/vending_machine/vending_machine.srcs/sources_1/new/decoder_7segment.v:4]
INFO: [Synth 8-6155] done synthesizing module 'decoder_7segment' (0#1) [D:/Vivado Projects/vending_machine/vending_machine.srcs/sources_1/new/decoder_7segment.v:4]
INFO: [Synth 8-6155] done synthesizing module 'driver_7segment' (0#1) [D:/Vivado Projects/vending_machine/vending_machine.srcs/sources_1/new/driver_7segment.v:3]
INFO: [Synth 8-6157] synthesizing module 'vending_machine' [D:/Vivado Projects/vending_machine/vending_machine.srcs/sources_1/new/vending_machine.v:3]
INFO: [Synth 8-155] case statement is not full and has no default [D:/Vivado Projects/vending_machine/vending_machine.srcs/sources_1/new/vending_machine.v:37]
INFO: [Synth 8-155] case statement is not full and has no default [D:/Vivado Projects/vending_machine/vending_machine.srcs/sources_1/new/vending_machine.v:97]
INFO: [Synth 8-6155] done synthesizing module 'vending_machine' (0#1) [D:/Vivado Projects/vending_machine/vending_machine.srcs/sources_1/new/vending_machine.v:3]
INFO: [Synth 8-6155] done synthesizing module 'Top_Module' (0#1) [D:/Vivado Projects/vending_machine/vending_machine.srcs/sources_1/new/Top_Module.v:2]
---------------------------------------------------------------------------------
Finished RTL Elaboration : Time (s): cpu = 00:00:09 ; elapsed = 00:00:10 . Memory (MB): peak = 1457.984 ; gain = 559.707
---------------------------------------------------------------------------------
---------------------------------------------------------------------------------
Start Handling Custom Attributes
---------------------------------------------------------------------------------
---------------------------------------------------------------------------------
Finished Handling Custom Attributes : Time (s): cpu = 00:00:09 ; elapsed = 00:00:11 . Memory (MB): peak = 1457.984 ; gain = 559.707
---------------------------------------------------------------------------------
---------------------------------------------------------------------------------
Finished RTL Optimization Phase 1 : Time (s): cpu = 00:00:09 ; elapsed = 00:00:11 . Memory (MB): peak = 1457.984 ; gain = 559.707
---------------------------------------------------------------------------------
Netlist sorting complete. Time (s): cpu = 00:00:00 ; elapsed = 00:00:00.003 . Memory (MB): peak = 1457.984 ; gain = 0.000
INFO: [Project 1-570] Preparing netlist for logic optimization

Processing XDC Constraints
Initializing timing engine
Parsing XDC File [D:/Vivado Projects/vending_machine/vending_machine.srcs/constrs_1/new/boolean.xdc]
WARNING: [Vivado 12-584] No ports matched 'btnU'. [D:/Vivado Projects/vending_machine/vending_machine.srcs/constrs_1/new/boolean.xdc:2]
CRITICAL WARNING: [Common 17-55] 'set_property' expects at least one object. [D:/Vivado Projects/vending_machine/vending_machine.srcs/constrs_1/new/boolean.xdc:2]
Resolution: If [get_<value>] was used to populate the object, check to make sure this command returns at least one valid object.
WARNING: [Vivado 12-584] No ports matched 'btnR'. [D:/Vivado Projects/vending_machine/vending_machine.srcs/constrs_1/new/boolean.xdc:3]
CRITICAL WARNING: [Common 17-55] 'set_property' expects at least one object. [D:/Vivado Projects/vending_machine/vending_machine.srcs/constrs_1/new/boolean.xdc:3]
Resolution: If [get_<value>] was used to populate the object, check to make sure this command returns at least one valid object.
WARNING: [Vivado 12-584] No ports matched 'btnL'. [D:/Vivado Projects/vending_machine/vending_machine.srcs/constrs_1/new/boolean.xdc:4]
CRITICAL WARNING: [Common 17-55] 'set_property' expects at least one object. [D:/Vivado Projects/vending_machine/vending_machine.srcs/constrs_1/new/boolean.xdc:4]
Resolution: If [get_<value>] was used to populate the object, check to make sure this command returns at least one valid object.
WARNING: [Vivado 12-584] No ports matched 'btnC'. [D:/Vivado Projects/vending_machine/vending_machine.srcs/constrs_1/new/boolean.xdc:5]
CRITICAL WARNING: [Common 17-55] 'set_property' expects at least one object. [D:/Vivado Projects/vending_machine/vending_machine.srcs/constrs_1/new/boolean.xdc:5]
Resolution: If [get_<value>] was used to populate the object, check to make sure this command returns at least one valid object.
WARNING: [Vivado 12-584] No ports matched 'btnC'. [D:/Vivado Projects/vending_machine/vending_machine.srcs/constrs_1/new/boolean.xdc:57]
CRITICAL WARNING: [Common 17-55] 'set_property' expects at least one object. [D:/Vivado Projects/vending_machine/vending_machine.srcs/constrs_1/new/boolean.xdc:57]
Resolution: If [get_<value>] was used to populate the object, check to make sure this command returns at least one valid object.
WARNING: [Vivado 12-584] No ports matched 'btnL'. [D:/Vivado Projects/vending_machine/vending_machine.srcs/constrs_1/new/boolean.xdc:58]
CRITICAL WARNING: [Common 17-55] 'set_property' expects at least one object. [D:/Vivado Projects/vending_machine/vending_machine.srcs/constrs_1/new/boolean.xdc:58]
Resolution: If [get_<value>] was used to populate the object, check to make sure this command returns at least one valid object.
WARNING: [Vivado 12-584] No ports matched 'btnR'. [D:/Vivado Projects/vending_machine/vending_machine.srcs/constrs_1/new/boolean.xdc:59]
CRITICAL WARNING: [Common 17-55] 'set_property' expects at least one object. [D:/Vivado Projects/vending_machine/vending_machine.srcs/constrs_1/new/boolean.xdc:59]
Resolution: If [get_<value>] was used to populate the object, check to make sure this command returns at least one valid object.
WARNING: [Vivado 12-584] No ports matched 'btnU'. [D:/Vivado Projects/vending_machine/vending_machine.srcs/constrs_1/new/boolean.xdc:60]
CRITICAL WARNING: [Common 17-55] 'set_property' expects at least one object. [D:/Vivado Projects/vending_machine/vending_machine.srcs/constrs_1/new/boolean.xdc:60]
Resolution: If [get_<value>] was used to populate the object, check to make sure this command returns at least one valid object.
Finished Parsing XDC File [D:/Vivado Projects/vending_machine/vending_machine.srcs/constrs_1/new/boolean.xdc]
INFO: [Project 1-236] Implementation specific constraints were found while reading constraint file [D:/Vivado Projects/vending_machine/vending_machine.srcs/constrs_1/new/boolean.xdc]. These constraints will be ignored for synthesis but will be used in implementation. Impacted constraints are listed in the file [.Xil/Top_Module_propImpl.xdc].
Resolution: To avoid this warning, move constraints listed in [.Xil/Top_Module_propImpl.xdc] to another XDC file and exclude this new file from synthesis with the used_in_synthesis property (File Properties dialog in GUI) and re-run elaboration/synthesis.
Completed Processing XDC Constraints

Netlist sorting complete. Time (s): cpu = 00:00:00 ; elapsed = 00:00:00 . Memory (MB): peak = 1554.781 ; gain = 0.000
INFO: [Project 1-111] Unisim Transformation Summary:
No Unisim elements were transformed.

Constraint Validation Runtime : Time (s): cpu = 00:00:00 ; elapsed = 00:00:00.005 . Memory (MB): peak = 1554.781 ; gain = 0.000
INFO: [Designutils 20-5440] No compile time benefit to using incremental synthesis; A full resynthesis will be run
INFO: [Designutils 20-4379] Flow is switching to default flow due to incremental criteria not met. If you would like to alter this behaviour and have the flow terminate instead, please set the following parameter config_implementation {autoIncr.Synth.RejectBehavior Terminate}
---------------------------------------------------------------------------------
Finished Constraint Validation : Time (s): cpu = 00:00:19 ; elapsed = 00:00:21 . Memory (MB): peak = 1554.781 ; gain = 656.504
---------------------------------------------------------------------------------
---------------------------------------------------------------------------------
Start Loading Part and Timing Information
---------------------------------------------------------------------------------
Loading part: xc7s50csga324-1
---------------------------------------------------------------------------------
Finished Loading Part and Timing Information : Time (s): cpu = 00:00:19 ; elapsed = 00:00:21 . Memory (MB): peak = 1554.781 ; gain = 656.504
---------------------------------------------------------------------------------
---------------------------------------------------------------------------------
Start Applying 'set_property' XDC Constraints
---------------------------------------------------------------------------------
---------------------------------------------------------------------------------
Finished applying 'set_property' XDC Constraints : Time (s): cpu = 00:00:19 ; elapsed = 00:00:21 . Memory (MB): peak = 1554.781 ; gain = 656.504
---------------------------------------------------------------------------------
INFO: [Synth 8-802] inferred FSM for state register 'state_reg' in module 'driver_7segment'
---------------------------------------------------------------------------------------------------
                   State |                     New Encoding |                Previous Encoding 
---------------------------------------------------------------------------------------------------
                    LEFT |                               00 |                               00
                 MIDLEFT |                               01 |                               01
                MIDRIGHT |                               10 |                               10
                   RIGHT |                               11 |                               11
---------------------------------------------------------------------------------------------------
INFO: [Synth 8-3354] encoded FSM with state register 'state_reg' using encoding 'sequential' in module 'driver_7segment'
---------------------------------------------------------------------------------
Finished RTL Optimization Phase 2 : Time (s): cpu = 00:00:19 ; elapsed = 00:00:22 . Memory (MB): peak = 1554.781 ; gain = 656.504
---------------------------------------------------------------------------------
---------------------------------------------------------------------------------
Start RTL Component Statistics 
---------------------------------------------------------------------------------
Detailed RTL Component Info : 
+---Adders : 
	   2 Input   26 Bit       Adders := 3     
	   2 Input    4 Bit       Adders := 4     
+---Registers : 
	               26 Bit    Registers := 3     
	                7 Bit    Registers := 1     
	                4 Bit    Registers := 7     
	                1 Bit    Registers := 18    
+---Muxes : 
	   3 Input   12 Bit        Muxes := 1     
	   5 Input    9 Bit        Muxes := 1     
	   4 Input    7 Bit        Muxes := 1     
	   4 Input    4 Bit        Muxes := 1     
	   2 Input    4 Bit        Muxes := 4     
	   5 Input    4 Bit        Muxes := 2     
	   6 Input    4 Bit        Muxes := 2     
	   4 Input    2 Bit        Muxes := 1     
	   5 Input    1 Bit        Muxes := 8     
	   2 Input    1 Bit        Muxes := 13    
---------------------------------------------------------------------------------
Finished RTL Component Statistics 
---------------------------------------------------------------------------------
---------------------------------------------------------------------------------
Start Part Resource Summary
---------------------------------------------------------------------------------
Part Resources:
DSPs: 120 (col length:60)
BRAMs: 150 (col length: RAMB18 60 RAMB36 30)
---------------------------------------------------------------------------------
Finished Part Resource Summary
---------------------------------------------------------------------------------
---------------------------------------------------------------------------------
Start Cross Boundary and Area Optimization
---------------------------------------------------------------------------------
WARNING: [Synth 8-7080] Parallel synthesis criteria is not met
WARNING: [Synth 8-3917] design Top_Module has port dp driven by constant 1
---------------------------------------------------------------------------------
Finished Cross Boundary and Area Optimization : Time (s): cpu = 00:00:24 ; elapsed = 00:00:26 . Memory (MB): peak = 1554.781 ; gain = 656.504
---------------------------------------------------------------------------------
---------------------------------------------------------------------------------
Start Applying XDC Timing Constraints
---------------------------------------------------------------------------------
---------------------------------------------------------------------------------
Finished Applying XDC Timing Constraints : Time (s): cpu = 00:00:32 ; elapsed = 00:00:35 . Memory (MB): peak = 1554.781 ; gain = 656.504
---------------------------------------------------------------------------------
---------------------------------------------------------------------------------
Start Timing Optimization
---------------------------------------------------------------------------------
---------------------------------------------------------------------------------
Finished Timing Optimization : Time (s): cpu = 00:00:32 ; elapsed = 00:00:35 . Memory (MB): peak = 1554.781 ; gain = 656.504
---------------------------------------------------------------------------------
---------------------------------------------------------------------------------
Start Technology Mapping
---------------------------------------------------------------------------------
---------------------------------------------------------------------------------
Finished Technology Mapping : Time (s): cpu = 00:00:32 ; elapsed = 00:00:35 . Memory (MB): peak = 1554.781 ; gain = 656.504
---------------------------------------------------------------------------------
---------------------------------------------------------------------------------
Start IO Insertion
---------------------------------------------------------------------------------
---------------------------------------------------------------------------------
Start Flattening Before IO Insertion
---------------------------------------------------------------------------------
---------------------------------------------------------------------------------
Finished Flattening Before IO Insertion
---------------------------------------------------------------------------------
---------------------------------------------------------------------------------
Start Final Netlist Cleanup
---------------------------------------------------------------------------------
---------------------------------------------------------------------------------
Finished Final Netlist Cleanup
---------------------------------------------------------------------------------
---------------------------------------------------------------------------------
Finished IO Insertion : Time (s): cpu = 00:00:38 ; elapsed = 00:00:41 . Memory (MB): peak = 1554.781 ; gain = 656.504
---------------------------------------------------------------------------------
---------------------------------------------------------------------------------
Start Renaming Generated Instances
---------------------------------------------------------------------------------
---------------------------------------------------------------------------------
Finished Renaming Generated Instances : Time (s): cpu = 00:00:38 ; elapsed = 00:00:41 . Memory (MB): peak = 1554.781 ; gain = 656.504
---------------------------------------------------------------------------------
---------------------------------------------------------------------------------
Start Rebuilding User Hierarchy
---------------------------------------------------------------------------------
---------------------------------------------------------------------------------
Finished Rebuilding User Hierarchy : Time (s): cpu = 00:00:38 ; elapsed = 00:00:42 . Memory (MB): peak = 1554.781 ; gain = 656.504
---------------------------------------------------------------------------------
---------------------------------------------------------------------------------
Start Renaming Generated Ports
---------------------------------------------------------------------------------
---------------------------------------------------------------------------------
Finished Renaming Generated Ports : Time (s): cpu = 00:00:38 ; elapsed = 00:00:42 . Memory (MB): peak = 1554.781 ; gain = 656.504
---------------------------------------------------------------------------------
---------------------------------------------------------------------------------
Start Handling Custom Attributes
---------------------------------------------------------------------------------
---------------------------------------------------------------------------------
Finished Handling Custom Attributes : Time (s): cpu = 00:00:38 ; elapsed = 00:00:42 . Memory (MB): peak = 1554.781 ; gain = 656.504
---------------------------------------------------------------------------------
---------------------------------------------------------------------------------
Start Renaming Generated Nets
---------------------------------------------------------------------------------
---------------------------------------------------------------------------------
Finished Renaming Generated Nets : Time (s): cpu = 00:00:38 ; elapsed = 00:00:42 . Memory (MB): peak = 1554.781 ; gain = 656.504
---------------------------------------------------------------------------------
---------------------------------------------------------------------------------
Start Writing Synthesis Report
---------------------------------------------------------------------------------

Report BlackBoxes: 
+-+--------------+----------+
| |BlackBox name |Instances |
+-+--------------+----------+
+-+--------------+----------+

Report Cell Usage: 
+------+-------+------+
|      |Cell   |Count |
+------+-------+------+
|1     |BUFG   |     1|
|2     |CARRY4 |    45|
|3     |LUT1   |    10|
|4     |LUT2   |    65|
|5     |LUT3   |    15|
|6     |LUT4   |    44|
|7     |LUT5   |    34|
|8     |LUT6   |    79|
|9     |FDCE   |    13|
|10    |FDRE   |   121|
|11    |FDSE   |    20|
|12    |IBUF   |    13|
|13    |OBUF   |    20|
+------+-------+------+
---------------------------------------------------------------------------------
Finished Writing Synthesis Report : Time (s): cpu = 00:00:38 ; elapsed = 00:00:42 . Memory (MB): peak = 1554.781 ; gain = 656.504
---------------------------------------------------------------------------------
Synthesis finished with 0 errors, 0 critical warnings and 2 warnings.
Synthesis Optimization Runtime : Time (s): cpu = 00:00:27 ; elapsed = 00:00:39 . Memory (MB): peak = 1554.781 ; gain = 559.707
Synthesis Optimization Complete : Time (s): cpu = 00:00:38 ; elapsed = 00:00:42 . Memory (MB): peak = 1554.781 ; gain = 656.504
INFO: [Project 1-571] Translating synthesized netlist
Netlist sorting complete. Time (s): cpu = 00:00:00 ; elapsed = 00:00:00.008 . Memory (MB): peak = 1554.781 ; gain = 0.000
INFO: [Netlist 29-17] Analyzing 45 Unisim elements for replacement
INFO: [Netlist 29-28] Unisim Transformation completed in 0 CPU seconds
INFO: [Project 1-570] Preparing netlist for logic optimization
INFO: [Opt 31-138] Pushed 0 inverter(s) to 0 load pin(s).
Netlist sorting complete. Time (s): cpu = 00:00:00 ; elapsed = 00:00:00 . Memory (MB): peak = 1554.781 ; gain = 0.000
INFO: [Project 1-111] Unisim Transformation Summary:
No Unisim elements were transformed.

Synth Design complete | Checksum: 61ddb75b
INFO: [Common 17-83] Releasing license: Synthesis
42 Infos, 10 Warnings, 8 Critical Warnings and 0 Errors encountered.
synth_design completed successfully
synth_design: Time (s): cpu = 00:00:46 ; elapsed = 00:01:09 . Memory (MB): peak = 1554.781 ; gain = 1046.051
INFO: [runtcl-6] Synthesis results are not added to the cache due to CRITICAL_WARNING
Write ShapeDB Complete: Time (s): cpu = 00:00:00 ; elapsed = 00:00:00.004 . Memory (MB): peak = 1554.781 ; gain = 0.000
INFO: [Common 17-1381] The checkpoint 'D:/Vivado Projects/vending_machine/vending_machine.runs/synth_3/Top_Module.dcp' has been generated.
INFO: [Vivado 12-24828] Executing command : report_utilization -file Top_Module_utilization_synth.rpt -pb Top_Module_utilization_synth.pb
INFO: [Common 17-206] Exiting Vivado at Mon Nov  4 15:07:58 2024...
